IQ-TREE multicore version 1.6.10 for Linux 64-bit built Feb 19 2019
Developed by Bui Quang Minh, Nguyen Lam Tung, Olga Chernomor,
Heiko Schmidt, Dominik Schrempf, Michael Woodhams.

Host:    IASL-TEA9262 (AVX, 15 GB RAM)
Command: ../../bin/iqtree -nt 4 -s example1.hmmtrim -m LG+C20+F+G -fs example1.hmmtrim.freq
Seed:    753927 (Using SPRNG - Scalable Parallel Random Number Generator)
Time:    Thu Sep 19 16:00:11 2019
Kernel:  AVX - 4 threads (8 CPU cores detected)

Reading alignment file example1.hmmtrim ... Fasta format detected
Alignment most likely contains protein sequences
Alignment has 285 sequences with 209 columns, 205 distinct patterns
134 parsimony-informative, 33 singleton sites, 42 constant sites
     Gap/Ambiguity  Composition  p-value
   1  0      3.83%    passed    100.00%
   2  1      3.83%    passed    100.00%
   3  2     94.74%    passed     79.65%
   4  3      3.35%    passed     99.88%
   5  4      3.35%    passed    100.00%
   6  5      3.83%    passed     98.75%
   7  6      3.35%    passed     99.99%
   8  7      4.31%    passed    100.00%
   9  8      3.83%    passed    100.00%
  10  9      3.83%    passed    100.00%
  11  10    49.28%    passed     99.24%
  12  11     3.83%    passed     99.98%
  13  12    17.70%    passed     99.98%
  14  13     6.22%    passed    100.00%
  15  14     3.83%    passed    100.00%
  16  15     3.83%    passed    100.00%
  17  16    37.80%    passed     99.73%
  18  17    21.05%    passed    100.00%
  19  18    31.58%    passed    100.00%
  20  19     3.83%    passed    100.00%
  21  20     4.31%    passed    100.00%
  22  21     3.83%    passed    100.00%
  23  22     4.31%    passed    100.00%
  24  23     4.78%    passed    100.00%
  25  24    21.05%    passed    100.00%
  26  25     3.83%    passed     99.99%
  27  26    89.47%    passed     85.39%
  28  27     3.83%    passed    100.00%
  29  28     8.61%    passed    100.00%
  30  29     3.83%    passed    100.00%
  31  30    94.74%    passed     79.65%
  32  31     4.31%    passed     83.24%
  33  32     3.83%    passed    100.00%
  34  33     3.83%    passed    100.00%
  35  34    22.97%    passed     99.44%
  36  35     3.83%    passed     97.50%
  37  36    11.00%    passed     99.98%
  38  37    20.57%    passed     15.92%
  39  38     3.83%    passed    100.00%
  40  39    10.05%    passed    100.00%
  41  40     3.83%    passed    100.00%
  42  41     3.83%    passed    100.00%
  43  42     3.83%    passed     99.99%
  44  43    21.53%    passed     99.97%
  45  44    12.92%    passed    100.00%
  46  45     3.83%    passed    100.00%
  47  46     3.83%    passed    100.00%
  48  47     3.83%    passed    100.00%
  49  48    13.88%    passed    100.00%
  50  49     3.83%    passed     99.93%
  51  50     3.83%    passed    100.00%
  52  51    11.48%    passed    100.00%
  53  52    71.29%    passed     78.90%
  54  53     4.31%    passed    100.00%
  55  54     3.83%    passed    100.00%
  56  55     4.31%    passed    100.00%
  57  56     3.83%    passed     99.99%
  58  57    21.53%    passed     99.97%
  59  58     3.83%    passed    100.00%
  60  59     3.83%    passed    100.00%
  61  60     3.83%    passed     99.99%
  62  61     3.83%    passed    100.00%
  63  62     3.83%    passed    100.00%
  64  63     3.83%    passed    100.00%
  65  64     3.83%    passed     99.89%
  66  65     3.83%    passed    100.00%
  67  66     3.83%    passed     89.92%
  68  67     3.83%    passed     99.97%
  69  68    48.33%    passed     92.48%
  70  69     3.83%    passed     99.99%
  71  70    12.92%    passed     99.82%
  72  71     3.83%    passed    100.00%
  73  72     3.83%    passed    100.00%
  74  73     2.39%    passed     99.98%
  75  74     3.83%    passed    100.00%
  76  75     3.83%    passed    100.00%
  77  76     3.83%    passed     99.13%
  78  77     3.83%    passed     99.98%
  79  78     3.83%    passed    100.00%
  80  79     3.83%    passed    100.00%
  81  80     3.83%    passed     75.54%
  82  81     3.83%    passed    100.00%
  83  82     3.83%    passed    100.00%
  84  83     3.83%    passed    100.00%
  85  84     3.83%    passed    100.00%
  86  85     4.31%    passed    100.00%
  87  86     3.83%    passed    100.00%
  88  87     3.83%    passed    100.00%
  89  88     3.83%    passed     99.98%
  90  89     3.83%    passed     99.76%
  91  90     3.83%    passed    100.00%
  92  91     3.83%    passed    100.00%
  93  92     4.31%    passed    100.00%
  94  93     3.83%    passed    100.00%
  95  94     7.18%    passed    100.00%
  96  95     3.83%    passed     99.99%
  97  96     3.83%    passed    100.00%
  98  97     3.83%    passed     99.99%
  99  98     3.83%    passed    100.00%
 100  99     3.83%    passed     99.29%
 101  100    3.83%    passed    100.00%
 102  101    3.83%    passed    100.00%
 103  102   11.00%    passed    100.00%
 104  103    3.83%    passed    100.00%
 105  104    3.83%    passed     99.99%
 106  105    3.83%    passed    100.00%
 107  106    3.83%    passed    100.00%
 108  107   14.35%    passed    100.00%
 109  108    3.83%    passed    100.00%
 110  109   10.53%    passed    100.00%
 111  110    3.83%    passed    100.00%
 112  111    3.83%    passed    100.00%
 113  112   11.00%    passed    100.00%
 114  113    3.83%    passed     99.18%
 115  114    3.83%    passed    100.00%
 116  115    3.83%    passed    100.00%
 117  116   34.93%    passed     99.63%
 118  117    3.83%    passed     99.92%
 119  118    6.22%    passed    100.00%
 120  119    4.31%    passed    100.00%
 121  120   73.21%    passed     61.37%
 122  121   48.33%    passed     99.42%
 123  122    1.44%    passed     34.45%
 124  123    3.83%    passed    100.00%
 125  124   23.44%    passed     99.93%
 126  125    3.83%    passed    100.00%
 127  126    3.83%    passed     99.62%
 128  127    2.39%    passed     99.97%
 129  128    3.83%    passed    100.00%
 130  129   41.63%    passed    100.00%
 131  130   99.52%    passed     28.15%
 132  131    3.83%    passed    100.00%
 133  132    3.83%    passed     66.23%
 134  133    3.83%    passed     99.99%
 135  134    3.83%    passed    100.00%
 136  135    3.83%    passed    100.00%
 137  136    3.83%    passed     99.99%
 138  137    3.83%    passed    100.00%
 139  138    2.39%    passed     99.79%
 140  139    3.83%    passed    100.00%
 141  140   11.00%    passed     99.93%
 142  141  100.00%    passed      -nan%
 143  142    6.22%    passed    100.00%
 144  143    3.83%    passed     99.83%
 145  144    6.70%    passed     99.91%
 146  145   23.92%    passed     97.07%
 147  146    3.35%    passed     92.55%
 148  147    8.61%    passed    100.00%
 149  148    3.83%    passed    100.00%
 150  149    3.83%    passed     99.80%
 151  150    3.83%    passed    100.00%
 152  151    3.83%    passed    100.00%
 153  152    3.83%    passed     99.99%
 154  153    3.83%    passed    100.00%
 155  154   55.98%    passed     82.78%
 156  155   11.96%    passed    100.00%
 157  156    3.83%    passed    100.00%
 158  157    3.83%    passed     99.99%
 159  158    3.83%    passed     99.83%
 160  159    3.83%    passed    100.00%
 161  160    3.83%    passed    100.00%
 162  161    3.83%    passed    100.00%
 163  162    6.70%    passed    100.00%
 164  163    3.83%    passed    100.00%
 165  164    3.83%    passed    100.00%
 166  165   21.05%    passed     99.74%
 167  166    3.83%    passed    100.00%
 168  167    3.83%    passed    100.00%
 169  168    6.22%    passed    100.00%
 170  169    3.83%    passed    100.00%
 171  170    4.78%    passed     99.97%
 172  171  100.00%    passed      -nan%
 173  172    3.83%    passed    100.00%
 174  173    6.70%    passed     92.10%
 175  174    3.83%    passed    100.00%
 176  175    4.31%    passed    100.00%
 177  176    3.83%    passed    100.00%
 178  177    3.83%    passed    100.00%
 179  178    3.83%    passed    100.00%
 180  179    3.83%    passed    100.00%
 181  180    3.83%    passed    100.00%
 182  181    3.83%    passed    100.00%
 183  182    3.83%    passed    100.00%
 184  183    3.83%    passed    100.00%
 185  184    3.83%    passed    100.00%
 186  185    3.83%    passed    100.00%
 187  186    3.83%    passed    100.00%
 188  187    3.83%    passed    100.00%
 189  188    3.83%    passed    100.00%
 190  189    6.22%    passed    100.00%
 191  190    3.83%    passed     99.99%
 192  191   73.21%    passed     77.49%
 193  192    3.83%    passed    100.00%
 194  193    3.83%    passed     99.99%
 195  194    3.83%    passed     99.95%
 196  195    3.83%    passed    100.00%
 197  196    3.83%    passed    100.00%
 198  197    3.83%    passed    100.00%
 199  198    3.83%    passed    100.00%
 200  199   11.00%    passed    100.00%
 201  200    3.83%    passed    100.00%
 202  201    3.83%    passed    100.00%
 203  202    3.83%    passed    100.00%
 204  203    3.83%    passed    100.00%
 205  204    3.83%    passed    100.00%
 206  205   22.01%    passed     99.97%
 207  206  100.00%    passed      -nan%
 208  207    3.83%    passed    100.00%
 209  208    4.78%    passed    100.00%
 210  209    4.31%    passed     88.79%
 211  210    3.83%    passed    100.00%
 212  211    3.83%    passed     99.98%
 213  212   14.35%    passed     94.03%
 214  213    3.83%    passed    100.00%
 215  214    3.35%    passed    100.00%
 216  215    3.83%    passed    100.00%
 217  216   62.68%    passed     99.79%
 218  217    3.83%    passed    100.00%
 219  218    3.83%    passed     99.88%
 220  219    3.83%    passed    100.00%
 221  220   11.00%    passed     99.98%
 222  221    3.83%    passed    100.00%
 223  222    3.83%    passed    100.00%
 224  223    3.83%    passed    100.00%
 225  224   10.53%    passed    100.00%
 226  225    3.83%    passed    100.00%
 227  226   17.22%    passed    100.00%
 228  227    3.83%    passed    100.00%
 229  228   34.93%    passed     99.85%
 230  229   65.07%    passed     85.26%
 231  230   95.22%    passed     82.66%
 232  231    3.83%    passed     99.99%
 233  232    9.57%    passed    100.00%
 234  233    3.83%    passed    100.00%
 235  234    3.83%    passed    100.00%
 236  235   21.53%    passed    100.00%
 237  236    3.83%    passed    100.00%
 238  237    3.83%    passed     99.99%
 239  238    3.83%    passed     99.99%
 240  239    3.83%    passed    100.00%
 241  240    3.83%    passed    100.00%
 242  241    3.83%    passed    100.00%
 243  242    3.83%    passed    100.00%
 244  243    3.83%    passed    100.00%
 245  244   71.29%    passed     78.90%
 246  245    3.83%    passed    100.00%
 247  246    3.83%    failed      0.42%
 248  247   25.84%    passed    100.00%
 249  248    3.83%    passed    100.00%
 250  249    3.83%    passed     99.96%
 251  250   85.65%    passed     40.24%
 252  251   55.98%    passed     82.78%
 253  252    3.83%    passed    100.00%
 254  253    3.83%    passed    100.00%
 255  254    3.83%    passed    100.00%
 256  255    3.83%    passed    100.00%
 257  256  100.00%    passed      -nan%
 258  257    4.78%    passed    100.00%
 259  258   10.53%    passed     92.62%
 260  259    3.83%    passed    100.00%
 261  260   51.20%    passed     80.54%
 262  261    3.83%    passed    100.00%
 263  262   30.14%    passed     99.87%
 264  263    3.83%    passed     99.84%
 265  264    3.83%    passed    100.00%
 266  265    5.74%    passed     99.81%
 267  266   87.08%    passed     38.99%
 268  267    3.83%    passed    100.00%
 269  268    3.83%    passed    100.00%
 270  269    3.83%    passed    100.00%
 271  270    3.83%    passed    100.00%
 272  271    3.83%    passed    100.00%
 273  272    3.83%    passed    100.00%
 274  273    3.83%    passed     99.71%
 275  274    3.83%    passed    100.00%
 276  275    3.83%    passed    100.00%
 277  276    3.83%    passed    100.00%
 278  277    3.83%    passed    100.00%
 279  278    3.83%    passed     79.84%
 280  279    2.87%    passed    100.00%
 281  280    3.83%    passed    100.00%
 282  281    3.83%    passed    100.00%
 283  282    3.83%    passed     98.30%
 284  283    3.83%    passed    100.00%
 285  284   99.52%    failed      0.41%
WARNING: 21 sequences contain more than 50% gaps/ambiguity
****  TOTAL   12.22%  2 sequences failed composition chi2 test (p-value<5%; df=19)

Reading site-specific state frequency file example1.hmmtrim.freq ...
Regrouping alignment sites...
209 distinct per-site state frequency vectors detected
WARNING: Sequence 141 contains only gaps or missing data
WARNING: Sequence 171 contains only gaps or missing data
WARNING: Sequence 206 contains only gaps or missing data
WARNING: Sequence 256 contains only gaps or missing data
ERROR: Some sequences (see above) are problematic, please check your alignment again
